C:\Program Files (x86)\MSBuild\Microsoft.Cpp\v4.0\V140\Microsoft.CppBuild.targets(367,5): warning MSB8004: Intermediate Directory does not end with a trailing slash.  This build instance will add the slash as it is required to allow proper evaluation of the Intermediate Directory.
          1 file(s) copied.
  ClockTest.cpp
c:\users\ryanshomepc\desktop\c++ projects\ryansengine\gameengine\projectfiles\enginetester\clocktest.cpp(23): error C2039: 'timeElapsedLastFrame': is not a member of 'Timing::Clock'
  c:\users\ryanshomepc\desktop\c++ projects\ryansengine\gameengine\projectfiles\engine\timing\clock.h(7): note: see declaration of 'Timing::Clock'
c:\users\ryanshomepc\desktop\c++ projects\ryansengine\gameengine\projectfiles\enginetester\clocktest.cpp(28): error C2039: 'timeElapsedLastFrame': is not a member of 'Timing::Clock'
  c:\users\ryanshomepc\desktop\c++ projects\ryansengine\gameengine\projectfiles\engine\timing\clock.h(7): note: see declaration of 'Timing::Clock'
c:\users\ryanshomepc\desktop\c++ projects\ryansengine\gameengine\projectfiles\enginetester\clocktest.cpp(34): warning C4018: '<': signed/unsigned mismatch
c:\users\ryanshomepc\desktop\c++ projects\ryansengine\gameengine\projectfiles\enginetester\clocktest.cpp(44): error C2039: 'timeElapsedLastFrame': is not a member of 'Timing::Clock'
  c:\users\ryanshomepc\desktop\c++ projects\ryansengine\gameengine\projectfiles\engine\timing\clock.h(7): note: see declaration of 'Timing::Clock'
c:\users\ryanshomepc\desktop\c++ projects\ryansengine\gameengine\projectfiles\enginetester\clocktest.cpp(49): error C2039: 'timeElapsedLastFrame': is not a member of 'Timing::Clock'
  c:\users\ryanshomepc\desktop\c++ projects\ryansengine\gameengine\projectfiles\engine\timing\clock.h(7): note: see declaration of 'Timing::Clock'
  Generating Code...
  Compiling...
  Vector2Test.cpp
c:\users\ryanshomepc\desktop\c++ projects\ryansengine\gameengine\projectfiles\engine\math\vector2.inl(21): error C2059: syntax error: 'const'
c:\users\ryanshomepc\desktop\c++ projects\ryansengine\gameengine\projectfiles\engine\math\vector2.inl(22): error C2143: syntax error: missing ';' before '{'
c:\users\ryanshomepc\desktop\c++ projects\ryansengine\gameengine\projectfiles\engine\math\vector2.inl(22): error C2447: '{': missing function header (old-style formal list?)
c:\users\ryanshomepc\desktop\c++ projects\ryansengine\gameengine\projectfiles\engine\math\vector2.inl(26): error C2801: 'Math::operator =' must be a non-static member
c:\users\ryanshomepc\desktop\c++ projects\ryansengine\gameengine\projectfiles\engine\math\vector2.inl(30): error C2805: binary 'operator +=' has too few parameters
c:\users\ryanshomepc\desktop\c++ projects\ryansengine\gameengine\projectfiles\engine\math\vector2.inl(34): error C2805: binary 'operator -=' has too few parameters
c:\users\ryanshomepc\desktop\c++ projects\ryansengine\gameengine\projectfiles\engine\math\vector2.inl(38): error C2803: 'operator *=' must have at least one formal parameter of class type
c:\users\ryanshomepc\desktop\c++ projects\ryansengine\gameengine\projectfiles\engine\math\vector2.inl(38): error C2805: binary 'operator *=' has too few parameters
c:\users\ryanshomepc\desktop\c++ projects\ryansengine\gameengine\projectfiles\engine\math\vector2.inl(42): error C2803: 'operator /=' must have at least one formal parameter of class type
c:\users\ryanshomepc\desktop\c++ projects\ryansengine\gameengine\projectfiles\engine\math\vector2.inl(42): error C2805: binary 'operator /=' has too few parameters
  Generating Code...
